<?xml version="1.0" encoding="UTF-8"?>
<!-- Generated by org.testng.reporters.JUnitXMLReporter -->
<testsuite hostname="DESKTOP-IDQFV09" ignored="18" name="Surefire test" tests="12" failures="0" timestamp="2020-12-21T00:56:34 IST" time="4.011" errors="0">
  <testcase name="@BeforeMethod setup" time="-1.608492392966E9" classname="com.mystore.testcases.accountCreationPageTest">
    <failure type="org.testng.TestNGException" message="
Parameter &amp;apos;browserName&amp;apos; is required by BeforeMethod on method setup but has not been marked @Optional or defined
">
      <![CDATA[org.testng.TestNGException: 
Parameter 'browserName' is required by BeforeMethod on method setup but has not been marked @Optional or defined

at java.util.ArrayList.forEach(ArrayList.java:1249)
... Removed 33 stack frames]]>
    </failure>
  </testcase> <!-- @BeforeMethod setup -->
  <testcase name="@AfterMethod tearDown" time="-1.608492392999E9" classname="com.mystore.testcases.accountCreationPageTest">
    <skipped/>
  </testcase> <!-- @AfterMethod tearDown -->
  <testcase name="@BeforeMethod setup" time="-1.608492393E9" classname="com.mystore.testcases.accountCreationPageTest">
    <skipped/>
  </testcase> <!-- @BeforeMethod setup -->
  <testcase name="@AfterMethod tearDown" time="-1.608492393001E9" classname="com.mystore.testcases.accountCreationPageTest">
    <skipped/>
  </testcase> <!-- @AfterMethod tearDown -->
  <testcase name="@BeforeMethod setup" time="-1.608492393274E9" classname="com.mystore.testcases.accountCreationPageTest">
    <skipped/>
  </testcase> <!-- @BeforeMethod setup -->
  <testcase name="@AfterMethod tearDown" time="-1.608492393277E9" classname="com.mystore.testcases.accountCreationPageTest">
    <skipped/>
  </testcase> <!-- @AfterMethod tearDown -->
  <testcase name="@BeforeMethod setup" time="-1.60849239328E9" classname="com.mystore.testcases.accountCreationPageTest">
    <skipped/>
  </testcase> <!-- @BeforeMethod setup -->
  <testcase name="@AfterMethod tearDown" time="-1.608492393284E9" classname="com.mystore.testcases.accountCreationPageTest">
    <skipped/>
  </testcase> <!-- @AfterMethod tearDown -->
  <testcase name="@BeforeMethod setup" time="-1.608492393456E9" classname="com.mystore.testcases.addToCartPageTest">
    <failure type="org.testng.TestNGException" message="
Parameter &amp;apos;browserName&amp;apos; is required by BeforeMethod on method setup but has not been marked @Optional or defined
">
      <![CDATA[org.testng.TestNGException: 
Parameter 'browserName' is required by BeforeMethod on method setup but has not been marked @Optional or defined

at java.util.ArrayList.forEach(ArrayList.java:1249)
... Removed 33 stack frames]]>
    </failure>
  </testcase> <!-- @BeforeMethod setup -->
  <testcase name="@AfterMethod tearDown" time="-1.608492393458E9" classname="com.mystore.testcases.addToCartPageTest">
    <skipped/>
  </testcase> <!-- @AfterMethod tearDown -->
  <testcase name="@BeforeMethod setup" time="-1.60849239346E9" classname="com.mystore.testcases.homePageTest">
    <failure type="org.testng.TestNGException" message="
Parameter &amp;apos;browserName&amp;apos; is required by BeforeMethod on method setup but has not been marked @Optional or defined
">
      <![CDATA[org.testng.TestNGException: 
Parameter 'browserName' is required by BeforeMethod on method setup but has not been marked @Optional or defined

at java.util.ArrayList.forEach(ArrayList.java:1249)
... Removed 33 stack frames]]>
    </failure>
  </testcase> <!-- @BeforeMethod setup -->
  <testcase name="@AfterMethod tearDown" time="-1.608492393462E9" classname="com.mystore.testcases.homePageTest">
    <skipped/>
  </testcase> <!-- @AfterMethod tearDown -->
  <testcase name="@BeforeMethod setup" time="-1.608492393463E9" classname="com.mystore.testcases.homePageTest">
    <skipped/>
  </testcase> <!-- @BeforeMethod setup -->
  <testcase name="@AfterMethod tearDown" time="-1.608492393464E9" classname="com.mystore.testcases.homePageTest">
    <skipped/>
  </testcase> <!-- @AfterMethod tearDown -->
  <testcase name="@BeforeMethod setup" time="-1.608492393465E9" classname="com.mystore.testcases.indexPageTest">
    <failure type="org.testng.TestNGException" message="
Parameter &amp;apos;browserName&amp;apos; is required by BeforeMethod on method setup but has not been marked @Optional or defined
">
      <![CDATA[org.testng.TestNGException: 
Parameter 'browserName' is required by BeforeMethod on method setup but has not been marked @Optional or defined

at java.util.ArrayList.forEach(ArrayList.java:1249)
... Removed 33 stack frames]]>
    </failure>
  </testcase> <!-- @BeforeMethod setup -->
  <testcase name="@AfterMethod tearDown" time="-1.608492393468E9" classname="com.mystore.testcases.indexPageTest">
    <skipped/>
  </testcase> <!-- @AfterMethod tearDown -->
  <testcase name="@BeforeMethod setup" time="-1.608492393646E9" classname="com.mystore.testcases.indexPageTest">
    <skipped/>
  </testcase> <!-- @BeforeMethod setup -->
  <testcase name="@AfterMethod tearDown" time="-1.608492393649E9" classname="com.mystore.testcases.indexPageTest">
    <skipped/>
  </testcase> <!-- @AfterMethod tearDown -->
  <testcase name="@BeforeMethod setup" time="-1.608492393825E9" classname="com.mystore.testcases.loginPageTest">
    <failure type="org.testng.TestNGException" message="
Parameter &amp;apos;browserName&amp;apos; is required by BeforeMethod on method setup but has not been marked @Optional or defined
">
      <![CDATA[org.testng.TestNGException: 
Parameter 'browserName' is required by BeforeMethod on method setup but has not been marked @Optional or defined

at java.util.ArrayList.forEach(ArrayList.java:1249)
... Removed 33 stack frames]]>
    </failure>
  </testcase> <!-- @BeforeMethod setup -->
  <testcase name="@AfterMethod tearDown" time="-1.608492393826E9" classname="com.mystore.testcases.loginPageTest">
    <skipped/>
  </testcase> <!-- @AfterMethod tearDown -->
  <testcase name="@BeforeMethod setup" time="-1.608492393907E9" classname="com.mystore.testcases.orderPageTest">
    <failure type="org.testng.TestNGException" message="
Parameter &amp;apos;browserName&amp;apos; is required by BeforeMethod on method setup but has not been marked @Optional or defined
">
      <![CDATA[org.testng.TestNGException: 
Parameter 'browserName' is required by BeforeMethod on method setup but has not been marked @Optional or defined

at java.util.ArrayList.forEach(ArrayList.java:1249)
... Removed 33 stack frames]]>
    </failure>
  </testcase> <!-- @BeforeMethod setup -->
  <testcase name="@AfterMethod tearDown" time="-1.608492393912E9" classname="com.mystore.testcases.orderPageTest">
    <skipped/>
  </testcase> <!-- @AfterMethod tearDown -->
  <testcase name="@BeforeMethod setup" time="-1.608492393967E9" classname="com.mystore.testcases.searchResultPageTest">
    <failure type="org.testng.TestNGException" message="
Parameter &amp;apos;browserName&amp;apos; is required by BeforeMethod on method setup but has not been marked @Optional or defined
">
      <![CDATA[org.testng.TestNGException: 
Parameter 'browserName' is required by BeforeMethod on method setup but has not been marked @Optional or defined

at java.util.ArrayList.forEach(ArrayList.java:1249)
... Removed 33 stack frames]]>
    </failure>
  </testcase> <!-- @BeforeMethod setup -->
  <testcase name="@AfterMethod tearDown" time="-1.60849239397E9" classname="com.mystore.testcases.searchResultPageTest">
    <skipped/>
  </testcase> <!-- @AfterMethod tearDown -->
  <testcase name="createAnAccount" time="0.0" classname="com.mystore.testcases.accountCreationPageTest">
    <skipped/>
  </testcase> <!-- createAnAccount -->
  <testcase name="createAnAccount" time="0.0" classname="com.mystore.testcases.accountCreationPageTest">
    <skipped/>
  </testcase> <!-- createAnAccount -->
  <testcase name="verifyCreateAccountPageTitle" time="0.0" classname="com.mystore.testcases.accountCreationPageTest">
    <skipped/>
  </testcase> <!-- verifyCreateAccountPageTitle -->
  <testcase name="verifyCreateAccountPageTitle" time="0.0" classname="com.mystore.testcases.accountCreationPageTest">
    <skipped/>
  </testcase> <!-- verifyCreateAccountPageTitle -->
  <testcase name="addProductToCart" time="0.0" classname="com.mystore.testcases.addToCartPageTest">
    <skipped/>
  </testcase> <!-- addProductToCart -->
  <testcase name="verifyWishList" time="0.0" classname="com.mystore.testcases.homePageTest">
    <skipped/>
  </testcase> <!-- verifyWishList -->
  <testcase name="verifyOrderHistory" time="0.0" classname="com.mystore.testcases.homePageTest">
    <skipped/>
  </testcase> <!-- verifyOrderHistory -->
  <testcase name="verifyLogo" time="0.0" classname="com.mystore.testcases.indexPageTest">
    <skipped/>
  </testcase> <!-- verifyLogo -->
  <testcase name="verifyTitle" time="0.0" classname="com.mystore.testcases.indexPageTest">
    <skipped/>
  </testcase> <!-- verifyTitle -->
  <testcase name="loginTest" time="0.0" classname="com.mystore.testcases.loginPageTest">
    <skipped/>
  </testcase> <!-- loginTest -->
  <testcase name="proceedToOrder" time="0.0" classname="com.mystore.testcases.orderPageTest">
    <skipped/>
  </testcase> <!-- proceedToOrder -->
  <testcase name="searchProduct" time="0.0" classname="com.mystore.testcases.searchResultPageTest">
    <skipped/>
  </testcase> <!-- searchProduct -->
  <testcase name="@AfterSuite endSetup" time="0.0" classname="com.mystore.base.BaseClass">
    <ignored/>
  </testcase> <!-- @AfterSuite endSetup -->
  <testcase name="@AfterSuite endSetup" time="0.0" classname="com.mystore.base.BaseClass">
    <ignored/>
  </testcase> <!-- @AfterSuite endSetup -->
  <testcase name="@AfterSuite endSetup" time="0.0" classname="com.mystore.base.BaseClass">
    <ignored/>
  </testcase> <!-- @AfterSuite endSetup -->
  <testcase name="@AfterSuite endSetup" time="0.0" classname="com.mystore.base.BaseClass">
    <ignored/>
  </testcase> <!-- @AfterSuite endSetup -->
  <testcase name="@AfterSuite endSetup" time="0.0" classname="com.mystore.base.BaseClass">
    <ignored/>
  </testcase> <!-- @AfterSuite endSetup -->
  <testcase name="@AfterSuite endSetup" time="0.0" classname="com.mystore.base.BaseClass">
    <ignored/>
  </testcase> <!-- @AfterSuite endSetup -->
  <testcase name="@BeforeSuite beforeSuite" time="0.0" classname="com.mystore.base.BaseClass">
    <ignored/>
  </testcase> <!-- @BeforeSuite beforeSuite -->
  <testcase name="@BeforeSuite beforeSuite" time="0.0" classname="com.mystore.base.BaseClass">
    <ignored/>
  </testcase> <!-- @BeforeSuite beforeSuite -->
  <testcase name="@BeforeSuite beforeSuite" time="0.0" classname="com.mystore.base.BaseClass">
    <ignored/>
  </testcase> <!-- @BeforeSuite beforeSuite -->
  <testcase name="@BeforeSuite beforeSuite" time="0.0" classname="com.mystore.base.BaseClass">
    <ignored/>
  </testcase> <!-- @BeforeSuite beforeSuite -->
  <testcase name="@BeforeSuite beforeSuite" time="0.0" classname="com.mystore.base.BaseClass">
    <ignored/>
  </testcase> <!-- @BeforeSuite beforeSuite -->
  <testcase name="@BeforeSuite beforeSuite" time="0.0" classname="com.mystore.base.BaseClass">
    <ignored/>
  </testcase> <!-- @BeforeSuite beforeSuite -->
  <testcase name="@BeforeTest loadConfig" time="0.0" classname="com.mystore.base.BaseClass">
    <ignored/>
  </testcase> <!-- @BeforeTest loadConfig -->
  <testcase name="@BeforeTest loadConfig" time="0.0" classname="com.mystore.base.BaseClass">
    <ignored/>
  </testcase> <!-- @BeforeTest loadConfig -->
  <testcase name="@BeforeTest loadConfig" time="0.0" classname="com.mystore.base.BaseClass">
    <ignored/>
  </testcase> <!-- @BeforeTest loadConfig -->
  <testcase name="@BeforeTest loadConfig" time="0.0" classname="com.mystore.base.BaseClass">
    <ignored/>
  </testcase> <!-- @BeforeTest loadConfig -->
  <testcase name="@BeforeTest loadConfig" time="0.0" classname="com.mystore.base.BaseClass">
    <ignored/>
  </testcase> <!-- @BeforeTest loadConfig -->
  <testcase name="@BeforeTest loadConfig" time="0.0" classname="com.mystore.base.BaseClass">
    <ignored/>
  </testcase> <!-- @BeforeTest loadConfig -->
</testsuite> <!-- Surefire test -->
