<!DOCTYPE html PUBLIC "-//W3C//DTD XHTML 1.1//EN" "http://www.w3.org/TR/xhtml11/DTD/xhtml11.dtd">
<html xmlns="http://www.w3.org/1999/xhtml">
<head>
<meta http-equiv="content-type" content="text/html; charset=UTF-8"/>
<title>TestNG Report</title>
<style type="text/css">table {margin-bottom:10px;border-collapse:collapse;empty-cells:show}th,td {border:1px solid #009;padding:.25em .5em}th {vertical-align:bottom}td {vertical-align:top}table a {font-weight:bold}.stripe td {background-color: #E6EBF9}.num {text-align:right}.passedodd td {background-color: #3F3}.passedeven td {background-color: #0A0}.skippedodd td {background-color: #DDD}.skippedeven td {background-color: #CCC}.failedodd td,.attn {background-color: #F33}.failedeven td,.stripe .attn {background-color: #D00}.stacktrace {white-space:pre;font-family:monospace}.totop {font-size:85%;text-align:center;border-bottom:2px solid #000}.invisible {display:none}</style>
</head>
<body>
<table>
<tr><th>Test</th><th># Passed</th><th># Skipped</th><th># Retried</th><th># Failed</th><th>Time (ms)</th><th>Included Groups</th><th>Excluded Groups</th></tr>
<tr><th colspan="8">Surefire suite</th></tr>
<tr><td><a href="#t0">Surefire test</a></td><td class="num">0</td><td class="num attn">12</td><td class="num">0</td><td class="num">0</td><td class="num">4,011</td><td></td><td></td></tr>
</table>
<table id='summary'><thead><tr><th>Class</th><th>Method</th><th>Start</th><th>Time (ms)</th></tr></thead><tbody><tr><th colspan="4">Surefire suite</th></tr></tbody><tbody id="t0"><tr><th colspan="4">Surefire test &#8212; failed (configuration methods)</th></tr><tr class="failedeven"><td rowspan="1">com.mystore.testcases.accountCreationPageTest</td><td><a href="#m0">setup</a></td><td rowspan="1">1608492392966</td><td rowspan="1">-1608492392966</td></tr><tr class="failedodd"><td rowspan="1">com.mystore.testcases.addToCartPageTest</td><td><a href="#m1">setup</a></td><td rowspan="1">1608492393456</td><td rowspan="1">-1608492393456</td></tr><tr class="failedeven"><td rowspan="1">com.mystore.testcases.homePageTest</td><td><a href="#m2">setup</a></td><td rowspan="1">1608492393460</td><td rowspan="1">-1608492393460</td></tr><tr class="failedodd"><td rowspan="1">com.mystore.testcases.indexPageTest</td><td><a href="#m3">setup</a></td><td rowspan="1">1608492393465</td><td rowspan="1">-1608492393465</td></tr><tr class="failedeven"><td rowspan="1">com.mystore.testcases.loginPageTest</td><td><a href="#m4">setup</a></td><td rowspan="1">1608492393825</td><td rowspan="1">-1608492393825</td></tr><tr class="failedodd"><td rowspan="1">com.mystore.testcases.orderPageTest</td><td><a href="#m5">setup</a></td><td rowspan="1">1608492393907</td><td rowspan="1">-1608492393907</td></tr><tr class="failedeven"><td rowspan="1">com.mystore.testcases.searchResultPageTest</td><td><a href="#m6">setup</a></td><td rowspan="1">1608492393967</td><td rowspan="1">-1608492393967</td></tr><tr><th colspan="4">Surefire test &#8212; skipped (configuration methods)</th></tr><tr class="skippedeven"><td rowspan="8">com.mystore.testcases.accountCreationPageTest</td><td><a href="#m7">endSetup</a></td><td rowspan="1">1608492394274</td><td rowspan="1">-1608492394274</td></tr><tr class="skippedeven"><td><a href="#m8">setup</a></td><td rowspan="3">1608492393000</td><td rowspan="3">-1608492393000</td></tr><tr class="skippedeven"><td><a href="#m9">setup</a></td></tr><tr class="skippedeven"><td><a href="#m10">setup</a></td></tr><tr class="skippedeven"><td><a href="#m11">tearDown</a></td><td rowspan="4">1608492393284</td><td rowspan="4">-1608492393284</td></tr><tr class="skippedeven"><td><a href="#m12">tearDown</a></td></tr><tr class="skippedeven"><td><a href="#m13">tearDown</a></td></tr><tr class="skippedeven"><td><a href="#m14">tearDown</a></td></tr><tr class="skippedodd"><td rowspan="1">com.mystore.testcases.addToCartPageTest</td><td><a href="#m15">tearDown</a></td><td rowspan="1">1608492393458</td><td rowspan="1">-1608492393458</td></tr><tr class="skippedeven"><td rowspan="3">com.mystore.testcases.homePageTest</td><td><a href="#m16">setup</a></td><td rowspan="1">1608492393463</td><td rowspan="1">-1608492393463</td></tr><tr class="skippedeven"><td><a href="#m17">tearDown</a></td><td rowspan="2">1608492393462</td><td rowspan="2">-1608492393462</td></tr><tr class="skippedeven"><td><a href="#m18">tearDown</a></td></tr><tr class="skippedodd"><td rowspan="3">com.mystore.testcases.indexPageTest</td><td><a href="#m19">setup</a></td><td rowspan="1">1608492393646</td><td rowspan="1">-1608492393646</td></tr><tr class="skippedodd"><td><a href="#m20">tearDown</a></td><td rowspan="2">1608492393649</td><td rowspan="2">-1608492393649</td></tr><tr class="skippedodd"><td><a href="#m21">tearDown</a></td></tr><tr class="skippedeven"><td rowspan="1">com.mystore.testcases.loginPageTest</td><td><a href="#m22">tearDown</a></td><td rowspan="1">1608492393826</td><td rowspan="1">-1608492393826</td></tr><tr class="skippedodd"><td rowspan="1">com.mystore.testcases.orderPageTest</td><td><a href="#m23">tearDown</a></td><td rowspan="1">1608492393912</td><td rowspan="1">-1608492393912</td></tr><tr class="skippedeven"><td rowspan="1">com.mystore.testcases.searchResultPageTest</td><td><a href="#m24">tearDown</a></td><td rowspan="1">1608492393970</td><td rowspan="1">-1608492393970</td></tr><tr><th colspan="4">Surefire test &#8212; skipped</th></tr><tr class="skippedeven"><td rowspan="4">com.mystore.testcases.accountCreationPageTest</td><td><a href="#m25">createAnAccount</a></td><td rowspan="2">1608492392995</td><td rowspan="2">0</td></tr><tr class="skippedeven"><td><a href="#m26">createAnAccount</a></td></tr><tr class="skippedeven"><td><a href="#m27">verifyCreateAccountPageTitle</a></td><td rowspan="2">1608492393283</td><td rowspan="2">0</td></tr><tr class="skippedeven"><td><a href="#m28">verifyCreateAccountPageTitle</a></td></tr><tr class="skippedodd"><td rowspan="1">com.mystore.testcases.addToCartPageTest</td><td><a href="#m29">addProductToCart</a></td><td rowspan="1">1608492393457</td><td rowspan="1">0</td></tr><tr class="skippedeven"><td rowspan="2">com.mystore.testcases.homePageTest</td><td><a href="#m30">verifyOrderHistory</a></td><td rowspan="1">1608492393463</td><td rowspan="1">0</td></tr><tr class="skippedeven"><td><a href="#m31">verifyWishList</a></td><td rowspan="1">1608492393461</td><td rowspan="1">0</td></tr><tr class="skippedodd"><td rowspan="2">com.mystore.testcases.indexPageTest</td><td><a href="#m32">verifyLogo</a></td><td rowspan="1">1608492393466</td><td rowspan="1">0</td></tr><tr class="skippedodd"><td><a href="#m33">verifyTitle</a></td><td rowspan="1">1608492393647</td><td rowspan="1">0</td></tr><tr class="skippedeven"><td rowspan="1">com.mystore.testcases.loginPageTest</td><td><a href="#m34">loginTest</a></td><td rowspan="1">1608492393826</td><td rowspan="1">0</td></tr><tr class="skippedodd"><td rowspan="1">com.mystore.testcases.orderPageTest</td><td><a href="#m35">proceedToOrder</a></td><td rowspan="1">1608492393910</td><td rowspan="1">0</td></tr><tr class="skippedeven"><td rowspan="1">com.mystore.testcases.searchResultPageTest</td><td><a href="#m36">searchProduct</a></td><td rowspan="1">1608492393969</td><td rowspan="1">0</td></tr></tbody>
</table>
<h2>Surefire test</h2><h3 id="m0">com.mystore.testcases.accountCreationPageTest#setup</h3><table class="result"><tr><th>Exception</th></tr><tr><td><div class="stacktrace">org.testng.TestNGException: 
Parameter &apos;browserName&apos; is required by BeforeMethod on method setup but has not been marked @Optional or defined

	at java.util.ArrayList.forEach(ArrayList.java:1249)
... Removed 33 stack frames</div></td></tr></table><p class="totop"><a href="#summary">back to summary</a></p>
<h3 id="m1">com.mystore.testcases.addToCartPageTest#setup</h3><table class="result"><tr><th>Exception</th></tr><tr><td><div class="stacktrace">org.testng.TestNGException: 
Parameter &apos;browserName&apos; is required by BeforeMethod on method setup but has not been marked @Optional or defined

	at java.util.ArrayList.forEach(ArrayList.java:1249)
... Removed 33 stack frames</div></td></tr></table><p class="totop"><a href="#summary">back to summary</a></p>
<h3 id="m2">com.mystore.testcases.homePageTest#setup</h3><table class="result"><tr><th>Exception</th></tr><tr><td><div class="stacktrace">org.testng.TestNGException: 
Parameter &apos;browserName&apos; is required by BeforeMethod on method setup but has not been marked @Optional or defined

	at java.util.ArrayList.forEach(ArrayList.java:1249)
... Removed 33 stack frames</div></td></tr></table><p class="totop"><a href="#summary">back to summary</a></p>
<h3 id="m3">com.mystore.testcases.indexPageTest#setup</h3><table class="result"><tr><th>Exception</th></tr><tr><td><div class="stacktrace">org.testng.TestNGException: 
Parameter &apos;browserName&apos; is required by BeforeMethod on method setup but has not been marked @Optional or defined

	at java.util.ArrayList.forEach(ArrayList.java:1249)
... Removed 33 stack frames</div></td></tr></table><p class="totop"><a href="#summary">back to summary</a></p>
<h3 id="m4">com.mystore.testcases.loginPageTest#setup</h3><table class="result"><tr><th>Exception</th></tr><tr><td><div class="stacktrace">org.testng.TestNGException: 
Parameter &apos;browserName&apos; is required by BeforeMethod on method setup but has not been marked @Optional or defined

	at java.util.ArrayList.forEach(ArrayList.java:1249)
... Removed 33 stack frames</div></td></tr></table><p class="totop"><a href="#summary">back to summary</a></p>
<h3 id="m5">com.mystore.testcases.orderPageTest#setup</h3><table class="result"><tr><th>Exception</th></tr><tr><td><div class="stacktrace">org.testng.TestNGException: 
Parameter &apos;browserName&apos; is required by BeforeMethod on method setup but has not been marked @Optional or defined

	at java.util.ArrayList.forEach(ArrayList.java:1249)
... Removed 33 stack frames</div></td></tr></table><p class="totop"><a href="#summary">back to summary</a></p>
<h3 id="m6">com.mystore.testcases.searchResultPageTest#setup</h3><table class="result"><tr><th>Exception</th></tr><tr><td><div class="stacktrace">org.testng.TestNGException: 
Parameter &apos;browserName&apos; is required by BeforeMethod on method setup but has not been marked @Optional or defined

	at java.util.ArrayList.forEach(ArrayList.java:1249)
... Removed 33 stack frames</div></td></tr></table><p class="totop"><a href="#summary">back to summary</a></p>
<h3 id="m7">com.mystore.testcases.accountCreationPageTest#endSetup</h3><table class="result"><tr><th class="invisible"/></tr></table><p class="totop"><a href="#summary">back to summary</a></p>
<h3 id="m8">com.mystore.testcases.accountCreationPageTest#setup</h3><table class="result"><tr><th class="invisible"/></tr></table><p class="totop"><a href="#summary">back to summary</a></p>
<h3 id="m9">com.mystore.testcases.accountCreationPageTest#setup</h3><table class="result"><tr><th class="invisible"/></tr></table><p class="totop"><a href="#summary">back to summary</a></p>
<h3 id="m10">com.mystore.testcases.accountCreationPageTest#setup</h3><table class="result"><tr><th class="invisible"/></tr></table><p class="totop"><a href="#summary">back to summary</a></p>
<h3 id="m11">com.mystore.testcases.accountCreationPageTest#tearDown</h3><table class="result"><tr><th class="invisible"/></tr></table><p class="totop"><a href="#summary">back to summary</a></p>
<h3 id="m12">com.mystore.testcases.accountCreationPageTest#tearDown</h3><table class="result"><tr><th class="invisible"/></tr></table><p class="totop"><a href="#summary">back to summary</a></p>
<h3 id="m13">com.mystore.testcases.accountCreationPageTest#tearDown</h3><table class="result"><tr><th class="invisible"/></tr></table><p class="totop"><a href="#summary">back to summary</a></p>
<h3 id="m14">com.mystore.testcases.accountCreationPageTest#tearDown</h3><table class="result"><tr><th class="invisible"/></tr></table><p class="totop"><a href="#summary">back to summary</a></p>
<h3 id="m15">com.mystore.testcases.addToCartPageTest#tearDown</h3><table class="result"><tr><th class="invisible"/></tr></table><p class="totop"><a href="#summary">back to summary</a></p>
<h3 id="m16">com.mystore.testcases.homePageTest#setup</h3><table class="result"><tr><th class="invisible"/></tr></table><p class="totop"><a href="#summary">back to summary</a></p>
<h3 id="m17">com.mystore.testcases.homePageTest#tearDown</h3><table class="result"><tr><th class="invisible"/></tr></table><p class="totop"><a href="#summary">back to summary</a></p>
<h3 id="m18">com.mystore.testcases.homePageTest#tearDown</h3><table class="result"><tr><th class="invisible"/></tr></table><p class="totop"><a href="#summary">back to summary</a></p>
<h3 id="m19">com.mystore.testcases.indexPageTest#setup</h3><table class="result"><tr><th class="invisible"/></tr></table><p class="totop"><a href="#summary">back to summary</a></p>
<h3 id="m20">com.mystore.testcases.indexPageTest#tearDown</h3><table class="result"><tr><th class="invisible"/></tr></table><p class="totop"><a href="#summary">back to summary</a></p>
<h3 id="m21">com.mystore.testcases.indexPageTest#tearDown</h3><table class="result"><tr><th class="invisible"/></tr></table><p class="totop"><a href="#summary">back to summary</a></p>
<h3 id="m22">com.mystore.testcases.loginPageTest#tearDown</h3><table class="result"><tr><th class="invisible"/></tr></table><p class="totop"><a href="#summary">back to summary</a></p>
<h3 id="m23">com.mystore.testcases.orderPageTest#tearDown</h3><table class="result"><tr><th class="invisible"/></tr></table><p class="totop"><a href="#summary">back to summary</a></p>
<h3 id="m24">com.mystore.testcases.searchResultPageTest#tearDown</h3><table class="result"><tr><th class="invisible"/></tr></table><p class="totop"><a href="#summary">back to summary</a></p>
<h3 id="m25">com.mystore.testcases.accountCreationPageTest#createAnAccount</h3><table class="result"><tr><th>Exception</th></tr><tr><td><div class="stacktrace">org.testng.TestNGException: 
Parameter &apos;browserName&apos; is required by BeforeMethod on method setup but has not been marked @Optional or defined

	at java.util.ArrayList.forEach(ArrayList.java:1249)
... Removed 33 stack frames</div></td></tr></table><p class="totop"><a href="#summary">back to summary</a></p>
<h3 id="m26">com.mystore.testcases.accountCreationPageTest#createAnAccount</h3><table class="result"><tr><th>Exception</th></tr><tr><td><div class="stacktrace">org.testng.TestNGException: 
Parameter &apos;browserName&apos; is required by BeforeMethod on method setup but has not been marked @Optional or defined

	at java.util.ArrayList.forEach(ArrayList.java:1249)
... Removed 33 stack frames</div></td></tr></table><p class="totop"><a href="#summary">back to summary</a></p>
<h3 id="m27">com.mystore.testcases.accountCreationPageTest#verifyCreateAccountPageTitle</h3><table class="result"><tr><th>Exception</th></tr><tr><td><div class="stacktrace">org.testng.TestNGException: 
Parameter &apos;browserName&apos; is required by BeforeMethod on method setup but has not been marked @Optional or defined

	at java.util.ArrayList.forEach(ArrayList.java:1249)
... Removed 33 stack frames</div></td></tr></table><p class="totop"><a href="#summary">back to summary</a></p>
<h3 id="m28">com.mystore.testcases.accountCreationPageTest#verifyCreateAccountPageTitle</h3><table class="result"><tr><th>Exception</th></tr><tr><td><div class="stacktrace">org.testng.TestNGException: 
Parameter &apos;browserName&apos; is required by BeforeMethod on method setup but has not been marked @Optional or defined

	at java.util.ArrayList.forEach(ArrayList.java:1249)
... Removed 33 stack frames</div></td></tr></table><p class="totop"><a href="#summary">back to summary</a></p>
<h3 id="m29">com.mystore.testcases.addToCartPageTest#addProductToCart</h3><table class="result"><tr><th>Exception</th></tr><tr><td><div class="stacktrace">org.testng.TestNGException: 
Parameter &apos;browserName&apos; is required by BeforeMethod on method setup but has not been marked @Optional or defined

	at java.util.ArrayList.forEach(ArrayList.java:1249)
... Removed 33 stack frames</div></td></tr></table><p class="totop"><a href="#summary">back to summary</a></p>
<h3 id="m30">com.mystore.testcases.homePageTest#verifyOrderHistory</h3><table class="result"><tr><th>Exception</th></tr><tr><td><div class="stacktrace">org.testng.TestNGException: 
Parameter &apos;browserName&apos; is required by BeforeMethod on method setup but has not been marked @Optional or defined

	at java.util.ArrayList.forEach(ArrayList.java:1249)
... Removed 33 stack frames</div></td></tr></table><p class="totop"><a href="#summary">back to summary</a></p>
<h3 id="m31">com.mystore.testcases.homePageTest#verifyWishList</h3><table class="result"><tr><th>Exception</th></tr><tr><td><div class="stacktrace">org.testng.TestNGException: 
Parameter &apos;browserName&apos; is required by BeforeMethod on method setup but has not been marked @Optional or defined

	at java.util.ArrayList.forEach(ArrayList.java:1249)
... Removed 33 stack frames</div></td></tr></table><p class="totop"><a href="#summary">back to summary</a></p>
<h3 id="m32">com.mystore.testcases.indexPageTest#verifyLogo</h3><table class="result"><tr><th>Exception</th></tr><tr><td><div class="stacktrace">org.testng.TestNGException: 
Parameter &apos;browserName&apos; is required by BeforeMethod on method setup but has not been marked @Optional or defined

	at java.util.ArrayList.forEach(ArrayList.java:1249)
... Removed 33 stack frames</div></td></tr></table><p class="totop"><a href="#summary">back to summary</a></p>
<h3 id="m33">com.mystore.testcases.indexPageTest#verifyTitle</h3><table class="result"><tr><th>Exception</th></tr><tr><td><div class="stacktrace">org.testng.TestNGException: 
Parameter &apos;browserName&apos; is required by BeforeMethod on method setup but has not been marked @Optional or defined

	at java.util.ArrayList.forEach(ArrayList.java:1249)
... Removed 33 stack frames</div></td></tr></table><p class="totop"><a href="#summary">back to summary</a></p>
<h3 id="m34">com.mystore.testcases.loginPageTest#loginTest</h3><table class="result"><tr><th>Exception</th></tr><tr><td><div class="stacktrace">org.testng.TestNGException: 
Parameter &apos;browserName&apos; is required by BeforeMethod on method setup but has not been marked @Optional or defined

	at java.util.ArrayList.forEach(ArrayList.java:1249)
... Removed 33 stack frames</div></td></tr></table><p class="totop"><a href="#summary">back to summary</a></p>
<h3 id="m35">com.mystore.testcases.orderPageTest#proceedToOrder</h3><table class="result"><tr><th>Exception</th></tr><tr><td><div class="stacktrace">org.testng.TestNGException: 
Parameter &apos;browserName&apos; is required by BeforeMethod on method setup but has not been marked @Optional or defined

	at java.util.ArrayList.forEach(ArrayList.java:1249)
... Removed 33 stack frames</div></td></tr></table><p class="totop"><a href="#summary">back to summary</a></p>
<h3 id="m36">com.mystore.testcases.searchResultPageTest#searchProduct</h3><table class="result"><tr><th>Exception</th></tr><tr><td><div class="stacktrace">org.testng.TestNGException: 
Parameter &apos;browserName&apos; is required by BeforeMethod on method setup but has not been marked @Optional or defined

	at java.util.ArrayList.forEach(ArrayList.java:1249)
... Removed 33 stack frames</div></td></tr></table><p class="totop"><a href="#summary">back to summary</a></p>
</body>
</html>
