<!DOCTYPE html PUBLIC "-//W3C//DTD XHTML 1.1//EN" "http://www.w3.org/TR/xhtml11/DTD/xhtml11.dtd">
<html xmlns="http://www.w3.org/1999/xhtml">
<head>
<meta http-equiv="content-type" content="text/html; charset=UTF-8"/>
<title>TestNG Report</title>
<style type="text/css">table {margin-bottom:10px;border-collapse:collapse;empty-cells:show}th,td {border:1px solid #009;padding:.25em .5em}th {vertical-align:bottom}td {vertical-align:top}table a {font-weight:bold}.stripe td {background-color: #E6EBF9}.num {text-align:right}.passedodd td {background-color: #3F3}.passedeven td {background-color: #0A0}.skippedodd td {background-color: #DDD}.skippedeven td {background-color: #CCC}.failedodd td,.attn {background-color: #F33}.failedeven td,.stripe .attn {background-color: #D00}.stacktrace {white-space:pre;font-family:monospace}.totop {font-size:85%;text-align:center;border-bottom:2px solid #000}.invisible {display:none}</style>
</head>
<body>
<table>
<tr><th>Test</th><th># Passed</th><th># Skipped</th><th># Retried</th><th># Failed</th><th>Time (ms)</th><th>Included Groups</th><th>Excluded Groups</th></tr>
<tr><th colspan="8">Suite</th></tr>
<tr><td><a href="#t0">Test_all</a></td><td class="num">10</td><td class="num">0</td><td class="num">0</td><td class="num attn">2</td><td class="num">390,459</td><td></td><td></td></tr>
</table>
<table id='summary'><thead><tr><th>Class</th><th>Method</th><th>Start</th><th>Time (ms)</th></tr></thead><tbody><tr><th colspan="4">Suite</th></tr></tbody><tbody id="t0"><tr><th colspan="4">Test_all &#8212; failed</th></tr><tr class="failedeven"><td rowspan="1">com.mystore.testcases.homePageTest</td><td><a href="#m0">verifyOrderHistory</a></td><td rowspan="1">1608541920851</td><td rowspan="1">20834</td></tr><tr class="failedodd"><td rowspan="1">com.mystore.testcases.orderPageTest</td><td><a href="#m1">proceedToOrder</a></td><td rowspan="1">1608541964279</td><td rowspan="1">13890</td></tr><tr><th colspan="4">Test_all &#8212; passed</th></tr><tr class="passedeven"><td rowspan="4">com.mystore.testcases.accountCreationPageTest</td><td><a href="#m2">createAnAccount</a></td><td rowspan="2">1608541716971</td><td rowspan="2">7116</td></tr><tr class="passedeven"><td><a href="#m3">createAnAccount</a></td></tr><tr class="passedeven"><td><a href="#m4">verifyCreateAccountPageTitle</a></td><td rowspan="2">1608541793041</td><td rowspan="2">6482</td></tr><tr class="passedeven"><td><a href="#m5">verifyCreateAccountPageTitle</a></td></tr><tr class="passedodd"><td rowspan="1">com.mystore.testcases.addToCartPageTest</td><td><a href="#m6">addProductToCart</a></td><td rowspan="1">1608541850907</td><td rowspan="1">8869</td></tr><tr class="passedeven"><td rowspan="1">com.mystore.testcases.homePageTest</td><td><a href="#m7">verifyWishList</a></td><td rowspan="1">1608541883931</td><td rowspan="1">8606</td></tr><tr class="passedodd"><td rowspan="2">com.mystore.testcases.indexPageTest</td><td><a href="#m8">verifyLogo</a></td><td rowspan="1">1608542004204</td><td rowspan="1">229</td></tr><tr class="passedodd"><td><a href="#m9">verifyTitle</a></td><td rowspan="1">1608542023654</td><td rowspan="1">10</td></tr><tr class="passedeven"><td rowspan="1">com.mystore.testcases.loginPageTest</td><td><a href="#m10">loginTest</a></td><td rowspan="1">1608541818875</td><td rowspan="1">8261</td></tr><tr class="passedodd"><td rowspan="1">com.mystore.testcases.searchResultPageTest</td><td><a href="#m11">searchProduct</a></td><td rowspan="1">1608542050773</td><td rowspan="1">3822</td></tr></tbody>
</table>
<h2>Test_all</h2><h3 id="m0">com.mystore.testcases.homePageTest#verifyOrderHistory</h3><table class="result"><tr><th>Exception</th></tr><tr><td><div class="stacktrace">org.openqa.selenium.TimeoutException: timeout: Timed out receiving message from renderer: 20.000
  (Session info: chrome=87.0.4280.88)
Build info: version: &apos;3.141.59&apos;, revision: &apos;e82be7d358&apos;, time: &apos;2018-11-14T08:17:03&apos;
System info: host: &apos;DESKTOP-IDQFV09&apos;, ip: &apos;192.168.225.94&apos;, os.name: &apos;Windows 10&apos;, os.arch: &apos;amd64&apos;, os.version: &apos;10.0&apos;, java.version: &apos;1.8.0_112&apos;
Driver info: org.openqa.selenium.chrome.ChromeDriver
Capabilities {acceptInsecureCerts: false, browserName: chrome, browserVersion: 87.0.4280.88, chrome: {chromedriverVersion: 87.0.4280.88 (89e2380a3e36c..., userDataDir: C:\Users\Admin\AppData\Loca...}, goog:chromeOptions: {debuggerAddress: localhost:55591}, javascriptEnabled: true, networkConnectionEnabled: false, pageLoadStrategy: normal, platform: WINDOWS, platformName: WINDOWS, proxy: Proxy(), setWindowRect: true, strictFileInteractability: false, timeouts: {implicit: 0, pageLoad: 300000, script: 30000}, unhandledPromptBehavior: dismiss and notify, webauthn:virtualAuthenticators: true}
Session ID: 0db047ee800b78f429e97dba312b70a4
	at org.openqa.selenium.remote.http.W3CHttpResponseCodec.createException(W3CHttpResponseCodec.java:187)
	at org.openqa.selenium.remote.http.W3CHttpResponseCodec.decode(W3CHttpResponseCodec.java:122)
	at org.openqa.selenium.remote.http.W3CHttpResponseCodec.decode(W3CHttpResponseCodec.java:49)
	at org.openqa.selenium.remote.HttpCommandExecutor.execute(HttpCommandExecutor.java:158)
	at org.openqa.selenium.remote.service.DriverCommandExecutor.execute(DriverCommandExecutor.java:83)
	at org.openqa.selenium.remote.RemoteWebDriver.execute(RemoteWebDriver.java:552)
	at org.openqa.selenium.remote.RemoteWebDriver.perform(RemoteWebDriver.java:618)
	at org.openqa.selenium.interactions.Actions$BuiltAction.perform(Actions.java:639)
	at om.mystore.actiondriver.Action.click(Action.java:40)
	at com.mystore.pageobjects.indexPage.clicSignInBtn(indexPage.java:36)
	at com.mystore.testcases.homePageTest.verifyOrderHistory(homePageTest.java:40)
	at java.util.ArrayList.forEach(ArrayList.java:1249)
... Removed 31 stack frames</div></td></tr></table><p class="totop"><a href="#summary">back to summary</a></p>
<h3 id="m1">com.mystore.testcases.orderPageTest#proceedToOrder</h3><table class="result"><tr class="param"><th>Parameter #1</th></tr><tr class="param stripe"><td>{searchproduct=T-Shirt, quantity=2.0, size=M}</td></tr><tr><th>Exception</th></tr><tr><td><div class="stacktrace">java.lang.AssertionError: expected [35.02] but found [68.04]
	at com.mystore.testcases.orderPageTest.proceedToOrder(orderPageTest.java:54)
	at java.util.ArrayList.forEach(ArrayList.java:1249)
... Removed 31 stack frames</div></td></tr></table><p class="totop"><a href="#summary">back to summary</a></p>
<h3 id="m2">com.mystore.testcases.accountCreationPageTest#createAnAccount</h3><table class="result"><tr class="param"><th>Parameter #1</th></tr><tr class="param stripe"><td>mangest.hh@gmail.com</td></tr></table><p class="totop"><a href="#summary">back to summary</a></p>
<h3 id="m3">com.mystore.testcases.accountCreationPageTest#createAnAccount</h3><table class="result"><tr class="param"><th>Parameter #1</th></tr><tr class="param stripe"><td>mangest.jjj@gmail.com</td></tr></table><p class="totop"><a href="#summary">back to summary</a></p>
<h3 id="m4">com.mystore.testcases.accountCreationPageTest#verifyCreateAccountPageTitle</h3><table class="result"><tr class="param"><th>Parameter #1</th></tr><tr class="param stripe"><td>mangest.jjj@gmail.com</td></tr></table><p class="totop"><a href="#summary">back to summary</a></p>
<h3 id="m5">com.mystore.testcases.accountCreationPageTest#verifyCreateAccountPageTitle</h3><table class="result"><tr class="param"><th>Parameter #1</th></tr><tr class="param stripe"><td>mangest.hh@gmail.com</td></tr></table><p class="totop"><a href="#summary">back to summary</a></p>
<h3 id="m6">com.mystore.testcases.addToCartPageTest#addProductToCart</h3><table class="result"><tr class="param"><th>Parameter #1</th></tr><tr class="param stripe"><td>{searchproduct=T-Shirt, quantity=2.0, size=M}</td></tr></table><p class="totop"><a href="#summary">back to summary</a></p>
<h3 id="m7">com.mystore.testcases.homePageTest#verifyWishList</h3><table class="result"><tr><th class="invisible"/></tr></table><p class="totop"><a href="#summary">back to summary</a></p>
<h3 id="m8">com.mystore.testcases.indexPageTest#verifyLogo</h3><table class="result"><tr><th class="invisible"/></tr></table><p class="totop"><a href="#summary">back to summary</a></p>
<h3 id="m9">com.mystore.testcases.indexPageTest#verifyTitle</h3><table class="result"><tr class="param"><th>Parameter #1</th></tr><tr class="param stripe"><td>My Store</td></tr></table><p class="totop"><a href="#summary">back to summary</a></p>
<h3 id="m10">com.mystore.testcases.loginPageTest#loginTest</h3><table class="result"><tr class="param"><th>Parameter #1</th></tr><tr class="param stripe"><td>http://automationpractice.com/index.php?controller=my-account</td></tr></table><p class="totop"><a href="#summary">back to summary</a></p>
<h3 id="m11">com.mystore.testcases.searchResultPageTest#searchProduct</h3><table class="result"><tr class="param"><th>Parameter #1</th></tr><tr class="param stripe"><td>{searchproduct=T-Shirt, quantity=2.0, size=M}</td></tr></table><p class="totop"><a href="#summary">back to summary</a></p>
</body>
</html>
