<?xml version="1.0" encoding="UTF-8"?>
<testng-results skipped="0" failed="2" ignored="18" total="30" passed="10">
  <reporter-output>
  </reporter-output>
  <suite name="Suite" duration-ms="390459" started-at="2020-12-21T14:37:44 IST" finished-at="2020-12-21T14:44:14 IST">
    <groups>
      <group name="Sanity">
        <method signature="loginPageTest.loginTest(java.lang.String)[pri:0, instance:com.mystore.testcases.loginPageTest@2bbf4b8b]" name="loginTest" class="com.mystore.testcases.loginPageTest"/>
      </group> <!-- Sanity -->
      <group name="Regression">
        <method signature="addToCartPageTest.addProductToCart(java.util.Map)[pri:0, instance:com.mystore.testcases.addToCartPageTest@30a3107a]" name="addProductToCart" class="com.mystore.testcases.addToCartPageTest"/>
        <method signature="orderPageTest.proceedToOrder(java.util.Map)[pri:0, instance:com.mystore.testcases.orderPageTest@34c4973]" name="proceedToOrder" class="com.mystore.testcases.orderPageTest"/>
      </group> <!-- Regression -->
      <group name="Smoke">
        <method signature="indexPageTest.verifyLogo()[pri:1, instance:com.mystore.testcases.indexPageTest@52feb982]" name="verifyLogo" class="com.mystore.testcases.indexPageTest"/>
        <method signature="indexPageTest.verifyTitle(java.lang.String)[pri:2, instance:com.mystore.testcases.indexPageTest@52feb982]" name="verifyTitle" class="com.mystore.testcases.indexPageTest"/>
        <method signature="loginPageTest.loginTest(java.lang.String)[pri:0, instance:com.mystore.testcases.loginPageTest@2bbf4b8b]" name="loginTest" class="com.mystore.testcases.loginPageTest"/>
      </group> <!-- Smoke -->
    </groups>
    <test name="Test_all" duration-ms="390459" started-at="2020-12-21T14:37:44 IST" finished-at="2020-12-21T14:44:14 IST">
      <class name="com.mystore.testcases.homePageTest">
        <test-method status="PASS" signature="setup(java.lang.String)[pri:0, instance:com.mystore.testcases.homePageTest@33c7e1bb]" name="setup" is-config="true" duration-ms="24046" started-at="2020-12-21T14:40:59 IST" finished-at="2020-12-21T14:41:23 IST">
          <params>
            <param index="0">
              <value>
                <![CDATA[Chrome]]>
              </value>
            </param>
          </params>
          <reporter-output>
          </reporter-output>
        </test-method> <!-- setup -->
        <test-method status="PASS" signature="verifyWishList()[pri:1, instance:com.mystore.testcases.homePageTest@33c7e1bb]" name="verifyWishList" duration-ms="8606" started-at="2020-12-21T14:41:23 IST" finished-at="2020-12-21T14:41:32 IST">
          <reporter-output>
          </reporter-output>
        </test-method> <!-- verifyWishList -->
        <test-method status="PASS" signature="tearDown()[pri:0, instance:com.mystore.testcases.homePageTest@33c7e1bb]" name="tearDown" is-config="true" duration-ms="220" started-at="2020-12-21T14:41:32 IST" finished-at="2020-12-21T14:41:32 IST">
          <reporter-output>
          </reporter-output>
        </test-method> <!-- tearDown -->
        <test-method status="PASS" signature="setup(java.lang.String)[pri:0, instance:com.mystore.testcases.homePageTest@33c7e1bb]" name="setup" is-config="true" duration-ms="28093" started-at="2020-12-21T14:41:32 IST" finished-at="2020-12-21T14:42:00 IST">
          <params>
            <param index="0">
              <value>
                <![CDATA[Chrome]]>
              </value>
            </param>
          </params>
          <reporter-output>
          </reporter-output>
        </test-method> <!-- setup -->
        <test-method status="FAIL" signature="verifyOrderHistory()[pri:2, instance:com.mystore.testcases.homePageTest@33c7e1bb]" name="verifyOrderHistory" duration-ms="20834" started-at="2020-12-21T14:42:00 IST" finished-at="2020-12-21T14:42:21 IST">
          <exception class="org.openqa.selenium.TimeoutException">
            <message>
              <![CDATA[timeout: Timed out receiving message from renderer: 20.000
  (Session info: chrome=87.0.4280.88)
Build info: version: '3.141.59', revision: 'e82be7d358', time: '2018-11-14T08:17:03'
System info: host: 'DESKTOP-IDQFV09', ip: '192.168.225.94', os.name: 'Windows 10', os.arch: 'amd64', os.version: '10.0', java.version: '1.8.0_112'
Driver info: org.openqa.selenium.chrome.ChromeDriver
Capabilities {acceptInsecureCerts: false, browserName: chrome, browserVersion: 87.0.4280.88, chrome: {chromedriverVersion: 87.0.4280.88 (89e2380a3e36c..., userDataDir: C:\Users\Admin\AppData\Loca...}, goog:chromeOptions: {debuggerAddress: localhost:55591}, javascriptEnabled: true, networkConnectionEnabled: false, pageLoadStrategy: normal, platform: WINDOWS, platformName: WINDOWS, proxy: Proxy(), setWindowRect: true, strictFileInteractability: false, timeouts: {implicit: 0, pageLoad: 300000, script: 30000}, unhandledPromptBehavior: dismiss and notify, webauthn:virtualAuthenticators: true}
Session ID: 0db047ee800b78f429e97dba312b70a4]]>
            </message>
            <full-stacktrace>
              <![CDATA[org.openqa.selenium.TimeoutException: timeout: Timed out receiving message from renderer: 20.000
  (Session info: chrome=87.0.4280.88)
Build info: version: '3.141.59', revision: 'e82be7d358', time: '2018-11-14T08:17:03'
System info: host: 'DESKTOP-IDQFV09', ip: '192.168.225.94', os.name: 'Windows 10', os.arch: 'amd64', os.version: '10.0', java.version: '1.8.0_112'
Driver info: org.openqa.selenium.chrome.ChromeDriver
Capabilities {acceptInsecureCerts: false, browserName: chrome, browserVersion: 87.0.4280.88, chrome: {chromedriverVersion: 87.0.4280.88 (89e2380a3e36c..., userDataDir: C:\Users\Admin\AppData\Loca...}, goog:chromeOptions: {debuggerAddress: localhost:55591}, javascriptEnabled: true, networkConnectionEnabled: false, pageLoadStrategy: normal, platform: WINDOWS, platformName: WINDOWS, proxy: Proxy(), setWindowRect: true, strictFileInteractability: false, timeouts: {implicit: 0, pageLoad: 300000, script: 30000}, unhandledPromptBehavior: dismiss and notify, webauthn:virtualAuthenticators: true}
Session ID: 0db047ee800b78f429e97dba312b70a4
at sun.reflect.NativeConstructorAccessorImpl.newInstance0(Native Method)
at sun.reflect.NativeConstructorAccessorImpl.newInstance(NativeConstructorAccessorImpl.java:62)
at sun.reflect.DelegatingConstructorAccessorImpl.newInstance(DelegatingConstructorAccessorImpl.java:45)
at java.lang.reflect.Constructor.newInstance(Constructor.java:423)
at org.openqa.selenium.remote.http.W3CHttpResponseCodec.createException(W3CHttpResponseCodec.java:187)
at org.openqa.selenium.remote.http.W3CHttpResponseCodec.decode(W3CHttpResponseCodec.java:122)
at org.openqa.selenium.remote.http.W3CHttpResponseCodec.decode(W3CHttpResponseCodec.java:49)
at org.openqa.selenium.remote.HttpCommandExecutor.execute(HttpCommandExecutor.java:158)
at org.openqa.selenium.remote.service.DriverCommandExecutor.execute(DriverCommandExecutor.java:83)
at org.openqa.selenium.remote.RemoteWebDriver.execute(RemoteWebDriver.java:552)
at org.openqa.selenium.remote.RemoteWebDriver.perform(RemoteWebDriver.java:618)
at org.openqa.selenium.interactions.Actions$BuiltAction.perform(Actions.java:639)
at om.mystore.actiondriver.Action.click(Action.java:40)
at com.mystore.pageobjects.indexPage.clicSignInBtn(indexPage.java:36)
at com.mystore.testcases.homePageTest.verifyOrderHistory(homePageTest.java:40)
at sun.reflect.NativeMethodAccessorImpl.invoke0(Native Method)
at sun.reflect.NativeMethodAccessorImpl.invoke(NativeMethodAccessorImpl.java:62)
at sun.reflect.DelegatingMethodAccessorImpl.invoke(DelegatingMethodAccessorImpl.java:43)
at java.lang.reflect.Method.invoke(Method.java:498)
at org.testng.internal.MethodInvocationHelper.invokeMethod(MethodInvocationHelper.java:134)
at org.testng.internal.TestInvoker.invokeMethod(TestInvoker.java:597)
at org.testng.internal.TestInvoker.invokeTestMethod(TestInvoker.java:173)
at org.testng.internal.MethodRunner.runInSequence(MethodRunner.java:46)
at org.testng.internal.TestInvoker$MethodInvocationAgent.invoke(TestInvoker.java:816)
at org.testng.internal.TestInvoker.invokeTestMethods(TestInvoker.java:146)
at org.testng.internal.TestMethodWorker.invokeTestMethods(TestMethodWorker.java:146)
at org.testng.internal.TestMethodWorker.run(TestMethodWorker.java:128)
at java.util.ArrayList.forEach(ArrayList.java:1249)
at org.testng.TestRunner.privateRun(TestRunner.java:766)
at org.testng.TestRunner.run(TestRunner.java:587)
at org.testng.SuiteRunner.runTest(SuiteRunner.java:384)
at org.testng.SuiteRunner.runSequentially(SuiteRunner.java:378)
at org.testng.SuiteRunner.privateRun(SuiteRunner.java:337)
at org.testng.SuiteRunner.run(SuiteRunner.java:286)
at org.testng.SuiteRunnerWorker.runSuite(SuiteRunnerWorker.java:53)
at org.testng.SuiteRunnerWorker.run(SuiteRunnerWorker.java:96)
at org.testng.TestNG.runSuitesSequentially(TestNG.java:1187)
at org.testng.TestNG.runSuitesLocally(TestNG.java:1109)
at org.testng.TestNG.runSuites(TestNG.java:1039)
at org.testng.TestNG.run(TestNG.java:1007)
at org.testng.remote.AbstractRemoteTestNG.run(AbstractRemoteTestNG.java:115)
at org.testng.remote.RemoteTestNG.initAndRun(RemoteTestNG.java:251)
at org.testng.remote.RemoteTestNG.main(RemoteTestNG.java:77)
]]>
            </full-stacktrace>
          </exception> <!-- org.openqa.selenium.TimeoutException -->
          <reporter-output>
          </reporter-output>
        </test-method> <!-- verifyOrderHistory -->
        <test-method status="PASS" signature="tearDown()[pri:0, instance:com.mystore.testcases.homePageTest@33c7e1bb]" name="tearDown" is-config="true" duration-ms="565" started-at="2020-12-21T14:42:24 IST" finished-at="2020-12-21T14:42:25 IST">
          <reporter-output>
          </reporter-output>
        </test-method> <!-- tearDown -->
      </class> <!-- com.mystore.testcases.homePageTest -->
      <class name="com.mystore.testcases.searchResultPageTest">
        <test-method status="PASS" signature="setup(java.lang.String)[pri:0, instance:com.mystore.testcases.searchResultPageTest@7a765367]" name="setup" is-config="true" duration-ms="26880" started-at="2020-12-21T14:43:43 IST" finished-at="2020-12-21T14:44:10 IST">
          <params>
            <param index="0">
              <value>
                <![CDATA[Chrome]]>
              </value>
            </param>
          </params>
          <reporter-output>
          </reporter-output>
        </test-method> <!-- setup -->
        <test-method status="PASS" signature="searchProduct(java.util.Map)[pri:0, instance:com.mystore.testcases.searchResultPageTest@7a765367]" name="searchProduct" duration-ms="3822" started-at="2020-12-21T14:44:10 IST" data-provider="getTestDataFromExcel" finished-at="2020-12-21T14:44:14 IST">
          <params>
            <param index="0">
              <value>
                <![CDATA[{searchproduct=T-Shirt, quantity=2.0, size=M}]]>
              </value>
            </param>
          </params>
          <reporter-output>
          </reporter-output>
        </test-method> <!-- searchProduct -->
        <test-method status="PASS" signature="tearDown()[pri:0, instance:com.mystore.testcases.searchResultPageTest@7a765367]" name="tearDown" is-config="true" duration-ms="103" started-at="2020-12-21T14:44:14 IST" finished-at="2020-12-21T14:44:14 IST">
          <reporter-output>
          </reporter-output>
        </test-method> <!-- tearDown -->
      </class> <!-- com.mystore.testcases.searchResultPageTest -->
      <class name="com.mystore.testcases.orderPageTest">
        <test-method status="PASS" signature="setup(java.lang.String)[pri:0, instance:com.mystore.testcases.orderPageTest@34c4973]" name="setup" is-config="true" duration-ms="19159" started-at="2020-12-21T14:42:25 IST" finished-at="2020-12-21T14:42:44 IST">
          <params>
            <param index="0">
              <value>
                <![CDATA[Chrome]]>
              </value>
            </param>
          </params>
          <reporter-output>
          </reporter-output>
        </test-method> <!-- setup -->
        <test-method status="FAIL" signature="proceedToOrder(java.util.Map)[pri:0, instance:com.mystore.testcases.orderPageTest@34c4973]" name="proceedToOrder" duration-ms="13890" started-at="2020-12-21T14:42:44 IST" data-provider="getTestDataFromExcel" finished-at="2020-12-21T14:42:58 IST">
          <params>
            <param index="0">
              <value>
                <![CDATA[{searchproduct=T-Shirt, quantity=2.0, size=M}]]>
              </value>
            </param>
          </params>
          <exception class="java.lang.AssertionError">
            <message>
              <![CDATA[expected [35.02] but found [68.04]]]>
            </message>
            <full-stacktrace>
              <![CDATA[java.lang.AssertionError: expected [35.02] but found [68.04]
at org.testng.Assert.fail(Assert.java:97)
at org.testng.Assert.failNotEquals(Assert.java:969)
at org.testng.Assert.assertEquals(Assert.java:640)
at org.testng.Assert.assertEquals(Assert.java:651)
at com.mystore.testcases.orderPageTest.proceedToOrder(orderPageTest.java:54)
at sun.reflect.NativeMethodAccessorImpl.invoke0(Native Method)
at sun.reflect.NativeMethodAccessorImpl.invoke(NativeMethodAccessorImpl.java:62)
at sun.reflect.DelegatingMethodAccessorImpl.invoke(DelegatingMethodAccessorImpl.java:43)
at java.lang.reflect.Method.invoke(Method.java:498)
at org.testng.internal.MethodInvocationHelper.invokeMethod(MethodInvocationHelper.java:134)
at org.testng.internal.TestInvoker.invokeMethod(TestInvoker.java:597)
at org.testng.internal.TestInvoker.invokeTestMethod(TestInvoker.java:173)
at org.testng.internal.MethodRunner.runInSequence(MethodRunner.java:46)
at org.testng.internal.TestInvoker$MethodInvocationAgent.invoke(TestInvoker.java:816)
at org.testng.internal.TestInvoker.invokeTestMethods(TestInvoker.java:146)
at org.testng.internal.TestMethodWorker.invokeTestMethods(TestMethodWorker.java:146)
at org.testng.internal.TestMethodWorker.run(TestMethodWorker.java:128)
at java.util.ArrayList.forEach(ArrayList.java:1249)
at org.testng.TestRunner.privateRun(TestRunner.java:766)
at org.testng.TestRunner.run(TestRunner.java:587)
at org.testng.SuiteRunner.runTest(SuiteRunner.java:384)
at org.testng.SuiteRunner.runSequentially(SuiteRunner.java:378)
at org.testng.SuiteRunner.privateRun(SuiteRunner.java:337)
at org.testng.SuiteRunner.run(SuiteRunner.java:286)
at org.testng.SuiteRunnerWorker.runSuite(SuiteRunnerWorker.java:53)
at org.testng.SuiteRunnerWorker.run(SuiteRunnerWorker.java:96)
at org.testng.TestNG.runSuitesSequentially(TestNG.java:1187)
at org.testng.TestNG.runSuitesLocally(TestNG.java:1109)
at org.testng.TestNG.runSuites(TestNG.java:1039)
at org.testng.TestNG.run(TestNG.java:1007)
at org.testng.remote.AbstractRemoteTestNG.run(AbstractRemoteTestNG.java:115)
at org.testng.remote.RemoteTestNG.initAndRun(RemoteTestNG.java:251)
at org.testng.remote.RemoteTestNG.main(RemoteTestNG.java:77)
]]>
            </full-stacktrace>
          </exception> <!-- java.lang.AssertionError -->
          <reporter-output>
          </reporter-output>
        </test-method> <!-- proceedToOrder -->
        <test-method status="PASS" signature="tearDown()[pri:0, instance:com.mystore.testcases.orderPageTest@34c4973]" name="tearDown" is-config="true" duration-ms="119" started-at="2020-12-21T14:42:58 IST" finished-at="2020-12-21T14:42:58 IST">
          <reporter-output>
          </reporter-output>
        </test-method> <!-- tearDown -->
      </class> <!-- com.mystore.testcases.orderPageTest -->
      <class name="com.mystore.testcases.accountCreationPageTest">
        <test-method status="PASS" signature="beforeSuite()[pri:0, instance:com.mystore.testcases.accountCreationPageTest@1563da5]" name="beforeSuite" is-config="true" duration-ms="335" started-at="2020-12-21T14:37:43 IST" finished-at="2020-12-21T14:37:44 IST">
          <reporter-output>
          </reporter-output>
        </test-method> <!-- beforeSuite -->
        <test-method status="PASS" signature="loadConfig()[pri:0, instance:com.mystore.testcases.accountCreationPageTest@1563da5]" name="loadConfig" is-config="true" duration-ms="1" started-at="2020-12-21T14:37:44 IST" finished-at="2020-12-21T14:37:44 IST">
          <reporter-output>
          </reporter-output>
        </test-method> <!-- loadConfig -->
        <test-method status="PASS" signature="setup(java.lang.String)[pri:0, instance:com.mystore.testcases.accountCreationPageTest@1563da5]" name="setup" is-config="true" duration-ms="51429" started-at="2020-12-21T14:37:45 IST" finished-at="2020-12-21T14:38:36 IST">
          <params>
            <param index="0">
              <value>
                <![CDATA[Chrome]]>
              </value>
            </param>
          </params>
          <reporter-output>
          </reporter-output>
        </test-method> <!-- setup -->
        <test-method status="PASS" signature="createAnAccount(java.lang.String)[pri:1, instance:com.mystore.testcases.accountCreationPageTest@1563da5]" name="createAnAccount" duration-ms="7116" started-at="2020-12-21T14:38:36 IST" data-provider="createAccEmail" finished-at="2020-12-21T14:38:44 IST">
          <params>
            <param index="0">
              <value>
                <![CDATA[mangest.hh@gmail.com]]>
              </value>
            </param>
          </params>
          <reporter-output>
          </reporter-output>
        </test-method> <!-- createAnAccount -->
        <test-method status="PASS" signature="tearDown()[pri:0, instance:com.mystore.testcases.accountCreationPageTest@1563da5]" name="tearDown" is-config="true" duration-ms="255" started-at="2020-12-21T14:38:44 IST" finished-at="2020-12-21T14:38:44 IST">
          <reporter-output>
          </reporter-output>
        </test-method> <!-- tearDown -->
        <test-method status="PASS" signature="setup(java.lang.String)[pri:0, instance:com.mystore.testcases.accountCreationPageTest@1563da5]" name="setup" is-config="true" duration-ms="22208" started-at="2020-12-21T14:38:44 IST" finished-at="2020-12-21T14:39:06 IST">
          <params>
            <param index="0">
              <value>
                <![CDATA[Chrome]]>
              </value>
            </param>
          </params>
          <reporter-output>
          </reporter-output>
        </test-method> <!-- setup -->
        <test-method status="PASS" signature="createAnAccount(java.lang.String)[pri:1, instance:com.mystore.testcases.accountCreationPageTest@1563da5]" name="createAnAccount" duration-ms="4320" started-at="2020-12-21T14:39:06 IST" data-provider="createAccEmail" finished-at="2020-12-21T14:39:10 IST">
          <params>
            <param index="0">
              <value>
                <![CDATA[mangest.jjj@gmail.com]]>
              </value>
            </param>
          </params>
          <reporter-output>
          </reporter-output>
        </test-method> <!-- createAnAccount -->
        <test-method status="PASS" signature="tearDown()[pri:0, instance:com.mystore.testcases.accountCreationPageTest@1563da5]" name="tearDown" is-config="true" duration-ms="222" started-at="2020-12-21T14:39:10 IST" finished-at="2020-12-21T14:39:11 IST">
          <reporter-output>
          </reporter-output>
        </test-method> <!-- tearDown -->
        <test-method status="PASS" signature="setup(java.lang.String)[pri:0, instance:com.mystore.testcases.accountCreationPageTest@1563da5]" name="setup" is-config="true" duration-ms="17219" started-at="2020-12-21T14:39:11 IST" finished-at="2020-12-21T14:39:28 IST">
          <params>
            <param index="0">
              <value>
                <![CDATA[Chrome]]>
              </value>
            </param>
          </params>
          <reporter-output>
          </reporter-output>
        </test-method> <!-- setup -->
        <test-method status="PASS" signature="verifyCreateAccountPageTitle(java.lang.String)[pri:2, instance:com.mystore.testcases.accountCreationPageTest@1563da5]" name="verifyCreateAccountPageTitle" duration-ms="7479" started-at="2020-12-21T14:39:28 IST" data-provider="createAccEmail" finished-at="2020-12-21T14:39:36 IST">
          <params>
            <param index="0">
              <value>
                <![CDATA[mangest.hh@gmail.com]]>
              </value>
            </param>
          </params>
          <reporter-output>
          </reporter-output>
        </test-method> <!-- verifyCreateAccountPageTitle -->
        <test-method status="PASS" signature="tearDown()[pri:0, instance:com.mystore.testcases.accountCreationPageTest@1563da5]" name="tearDown" is-config="true" duration-ms="206" started-at="2020-12-21T14:39:36 IST" finished-at="2020-12-21T14:39:36 IST">
          <reporter-output>
          </reporter-output>
        </test-method> <!-- tearDown -->
        <test-method status="PASS" signature="setup(java.lang.String)[pri:0, instance:com.mystore.testcases.accountCreationPageTest@1563da5]" name="setup" is-config="true" duration-ms="16625" started-at="2020-12-21T14:39:36 IST" finished-at="2020-12-21T14:39:53 IST">
          <params>
            <param index="0">
              <value>
                <![CDATA[Chrome]]>
              </value>
            </param>
          </params>
          <reporter-output>
          </reporter-output>
        </test-method> <!-- setup -->
        <test-method status="PASS" signature="verifyCreateAccountPageTitle(java.lang.String)[pri:2, instance:com.mystore.testcases.accountCreationPageTest@1563da5]" name="verifyCreateAccountPageTitle" duration-ms="6482" started-at="2020-12-21T14:39:53 IST" data-provider="createAccEmail" finished-at="2020-12-21T14:39:59 IST">
          <params>
            <param index="0">
              <value>
                <![CDATA[mangest.jjj@gmail.com]]>
              </value>
            </param>
          </params>
          <reporter-output>
          </reporter-output>
        </test-method> <!-- verifyCreateAccountPageTitle -->
        <test-method status="PASS" signature="tearDown()[pri:0, instance:com.mystore.testcases.accountCreationPageTest@1563da5]" name="tearDown" is-config="true" duration-ms="167" started-at="2020-12-21T14:39:59 IST" finished-at="2020-12-21T14:39:59 IST">
          <reporter-output>
          </reporter-output>
        </test-method> <!-- tearDown -->
        <test-method status="PASS" signature="endSetup()[pri:0, instance:com.mystore.testcases.accountCreationPageTest@1563da5]" name="endSetup" is-config="true" duration-ms="2494" started-at="2020-12-21T14:44:14 IST" finished-at="2020-12-21T14:44:17 IST">
          <reporter-output>
          </reporter-output>
        </test-method> <!-- endSetup -->
      </class> <!-- com.mystore.testcases.accountCreationPageTest -->
      <class name="com.mystore.testcases.addToCartPageTest">
        <test-method status="PASS" signature="setup(java.lang.String)[pri:0, instance:com.mystore.testcases.addToCartPageTest@30a3107a]" name="setup" is-config="true" duration-ms="23112" started-at="2020-12-21T14:40:27 IST" finished-at="2020-12-21T14:40:50 IST">
          <params>
            <param index="0">
              <value>
                <![CDATA[Chrome]]>
              </value>
            </param>
          </params>
          <reporter-output>
          </reporter-output>
        </test-method> <!-- setup -->
        <test-method status="PASS" signature="addProductToCart(java.util.Map)[pri:0, instance:com.mystore.testcases.addToCartPageTest@30a3107a]" name="addProductToCart" duration-ms="8869" started-at="2020-12-21T14:40:50 IST" data-provider="getTestDataFromExcel" finished-at="2020-12-21T14:40:59 IST">
          <params>
            <param index="0">
              <value>
                <![CDATA[{searchproduct=T-Shirt, quantity=2.0, size=M}]]>
              </value>
            </param>
          </params>
          <reporter-output>
          </reporter-output>
        </test-method> <!-- addProductToCart -->
        <test-method status="PASS" signature="tearDown()[pri:0, instance:com.mystore.testcases.addToCartPageTest@30a3107a]" name="tearDown" is-config="true" duration-ms="109" started-at="2020-12-21T14:40:59 IST" finished-at="2020-12-21T14:40:59 IST">
          <reporter-output>
          </reporter-output>
        </test-method> <!-- tearDown -->
      </class> <!-- com.mystore.testcases.addToCartPageTest -->
      <class name="com.mystore.testcases.indexPageTest">
        <test-method status="PASS" signature="setup(java.lang.String)[pri:0, instance:com.mystore.testcases.indexPageTest@52feb982]" name="setup" is-config="true" duration-ms="25428" started-at="2020-12-21T14:42:58 IST" finished-at="2020-12-21T14:43:24 IST">
          <params>
            <param index="0">
              <value>
                <![CDATA[Chrome]]>
              </value>
            </param>
          </params>
          <reporter-output>
          </reporter-output>
        </test-method> <!-- setup -->
        <test-method status="PASS" signature="verifyLogo()[pri:1, instance:com.mystore.testcases.indexPageTest@52feb982]" name="verifyLogo" duration-ms="229" started-at="2020-12-21T14:43:24 IST" finished-at="2020-12-21T14:43:24 IST">
          <reporter-output>
          </reporter-output>
        </test-method> <!-- verifyLogo -->
        <test-method status="PASS" signature="tearDown()[pri:0, instance:com.mystore.testcases.indexPageTest@52feb982]" name="tearDown" is-config="true" duration-ms="255" started-at="2020-12-21T14:43:24 IST" finished-at="2020-12-21T14:43:24 IST">
          <reporter-output>
          </reporter-output>
        </test-method> <!-- tearDown -->
        <test-method status="PASS" signature="setup(java.lang.String)[pri:0, instance:com.mystore.testcases.indexPageTest@52feb982]" name="setup" is-config="true" duration-ms="18674" started-at="2020-12-21T14:43:24 IST" finished-at="2020-12-21T14:43:43 IST">
          <params>
            <param index="0">
              <value>
                <![CDATA[Chrome]]>
              </value>
            </param>
          </params>
          <reporter-output>
          </reporter-output>
        </test-method> <!-- setup -->
        <test-method status="PASS" signature="verifyTitle(java.lang.String)[pri:2, instance:com.mystore.testcases.indexPageTest@52feb982]" name="verifyTitle" duration-ms="10" started-at="2020-12-21T14:43:43 IST" data-provider="getPageTitle" finished-at="2020-12-21T14:43:43 IST">
          <params>
            <param index="0">
              <value>
                <![CDATA[My Store]]>
              </value>
            </param>
          </params>
          <reporter-output>
          </reporter-output>
        </test-method> <!-- verifyTitle -->
        <test-method status="PASS" signature="tearDown()[pri:0, instance:com.mystore.testcases.indexPageTest@52feb982]" name="tearDown" is-config="true" duration-ms="108" started-at="2020-12-21T14:43:43 IST" finished-at="2020-12-21T14:43:43 IST">
          <reporter-output>
          </reporter-output>
        </test-method> <!-- tearDown -->
      </class> <!-- com.mystore.testcases.indexPageTest -->
      <class name="com.mystore.testcases.loginPageTest">
        <test-method status="PASS" signature="setup(java.lang.String)[pri:0, instance:com.mystore.testcases.loginPageTest@2bbf4b8b]" name="setup" is-config="true" duration-ms="18917" started-at="2020-12-21T14:39:59 IST" finished-at="2020-12-21T14:40:18 IST">
          <params>
            <param index="0">
              <value>
                <![CDATA[Chrome]]>
              </value>
            </param>
          </params>
          <reporter-output>
          </reporter-output>
        </test-method> <!-- setup -->
        <test-method status="PASS" signature="loginTest(java.lang.String)[pri:0, instance:com.mystore.testcases.loginPageTest@2bbf4b8b]" name="loginTest" duration-ms="8261" started-at="2020-12-21T14:40:18 IST" data-provider="homePageUrl" finished-at="2020-12-21T14:40:27 IST">
          <params>
            <param index="0">
              <value>
                <![CDATA[http://automationpractice.com/index.php?controller=my-account]]>
              </value>
            </param>
          </params>
          <reporter-output>
          </reporter-output>
        </test-method> <!-- loginTest -->
        <test-method status="PASS" signature="tearDown()[pri:0, instance:com.mystore.testcases.loginPageTest@2bbf4b8b]" name="tearDown" is-config="true" duration-ms="287" started-at="2020-12-21T14:40:27 IST" finished-at="2020-12-21T14:40:27 IST">
          <reporter-output>
          </reporter-output>
        </test-method> <!-- tearDown -->
      </class> <!-- com.mystore.testcases.loginPageTest -->
    </test> <!-- Test_all -->
  </suite> <!-- Suite -->
</testng-results>
